<?xml version="1.0" encoding="UTF-8"?>
<!-- Generated by org.testng.reporters.JUnitReportReporter -->
<testsuite hostname="TYSS-Pradyumna" failures="0" tests="1" name="test.ExtentReportTest" time="1.311" errors="0" timestamp="2024-02-06T17:20:31 IST" skipped="0">
  <testcase classname="test.ExtentReportTest" name="reportDemo" time="1.311"/>
  <system-out/>
</testsuite> <!-- test.ExtentReportTest -->
