<?xml version="1.0" encoding="UTF-8"?>
<!-- Generated by org.testng.reporters.JUnitReportReporter -->
<testsuite hostname="TYSS-Pradyumna" failures="0" tests="1" name="test.ExcelSheetTest" time="0.459" errors="0" timestamp="2024-04-02T13:08:29 IST" skipped="0">
  <testcase classname="test.ExcelSheetTest" name="demo" time="0.459"/>
  <system-out/>
</testsuite> <!-- test.ExcelSheetTest -->
